<?xml version="1.0" encoding="UTF-8"?>
<!-- Generated by org.testng.reporters.JUnitReportReporter -->
<testsuite hostname="Roberts-MacBook-Air.local" name="TestCase.HomePageTest" tests="4" failures="0" timestamp="1 Mar 2016 18:30:41 GMT" time="113.569" errors="0">
  <testcase name="BookingTest01" time="32.135" classname="TestCase.HomePageTest"/>
  <testcase name="BookingTest03" time="28.558" classname="TestCase.HomePageTest"/>
  <testcase name="BookingTest02" time="29.383" classname="TestCase.HomePageTest"/>
  <testcase name="BookingTest04" time="23.493" classname="TestCase.HomePageTest"/>
</testsuite> <!-- TestCase.HomePageTest -->
